APP/app/build/outputs/logs/manifest-merger-debug-report.txt
-- Merging decision tree log ---
manifest
ADDED from src\main\AndroidManifest.xml:3:1-127:12
	android:windowSoftInputMode
		ADDED from src\main\AndroidManifest.xml:4:2-41
	xmlns:android
		ADDED from src\main\AndroidManifest.xml:3:11-69
	package
		ADDED from src\main\AndroidManifest.xml:5:2-34
		INJECTED from src\main\AndroidManifest.xml
		INJECTED from src\main\AndroidManifest.xml
	android:versionName
		ADDED from src\main\AndroidManifest.xml:7:2-27
		INJECTED from src\main\AndroidManifest.xml
		INJECTED from src\main\AndroidManifest.xml
	android:versionCode
		ADDED from src\main\AndroidManifest.xml:6:2-25
		INJECTED from src\main\AndroidManifest.xml
		INJECTED from src\main\AndroidManifest.xml
uses-sdk
ADDED from src\main\AndroidManifest.xml:9:2-11:34
	android:targetSdkVersion
		ADDED from src\main\AndroidManifest.xml:11:3-31
		INJECTED from src\main\AndroidManifest.xml
		INJECTED from src\main\AndroidManifest.xml
	android:minSdkVersion
		ADDED from src\main\AndroidManifest.xml:10:3-28
		INJECTED from src\main\AndroidManifest.xml
		INJECTED from src\main\AndroidManifest.xml
supports-screens
ADDED from src\main\AndroidManifest.xml:13:2-19:5
	android:resizeable
		ADDED from src\main\AndroidManifest.xml:17:3-28
	android:largeScreens
		ADDED from src\main\AndroidManifest.xml:14:3-30
	android:anyDensity
		ADDED from src\main\AndroidManifest.xml:18:3-28
	android:normalScreens
		ADDED from src\main\AndroidManifest.xml:15:3-31
	android:smallScreens
		ADDED from src\main\AndroidManifest.xml:16:3-30
uses-permission#android.permission.INTERNET
ADDED from src\main\AndroidManifest.xml:21:2-64
	android:name
		ADDED from src\main\AndroidManifest.xml:21:19-61
uses-permission#android.permission.ACCESS_NETWORK_STATE
ADDED from src\main\AndroidManifest.xml:22:2-76
	android:name
		ADDED from src\main\AndroidManifest.xml:22:19-73
uses-permission#android.permission.RECEIVE_BOOT_COMPLETED
ADDED from src\main\AndroidManifest.xml:23:2-78
	android:name
		ADDED from src\main\AndroidManifest.xml:23:19-75
uses-permission#android.permission.WRITE_SETTINGS
ADDED from src\main\AndroidManifest.xml:24:2-70
	android:name
		ADDED from src\main\AndroidManifest.xml:24:19-67
uses-permission#android.permission.WAKE_LOCK
ADDED from src\main\AndroidManifest.xml:25:2-65
	android:name
		ADDED from src\main\AndroidManifest.xml:25:19-62
uses-permission#android.permission.BROADCAST_STICKY
ADDED from src\main\AndroidManifest.xml:26:2-72
	android:name
		ADDED from src\main\AndroidManifest.xml:26:19-69
uses-permission#android.permission.MODIFY_AUDIO_SETTINGS
ADDED from src\main\AndroidManifest.xml:27:2-77
	android:name
		ADDED from src\main\AndroidManifest.xml:27:19-74
uses-permission#android.permission.RECORD_AUDIO
ADDED from src\main\AndroidManifest.xml:28:2-68
	android:name
		ADDED from src\main\AndroidManifest.xml:28:19-65
uses-permission#android.permission.WRITE_EXTERNAL_STORAGE
ADDED from src\main\AndroidManifest.xml:29:2-78
	android:name
		ADDED from src\main\AndroidManifest.xml:29:19-75
uses-permission#android.permission.VIBRATE
ADDED from src\main\AndroidManifest.xml:30:2-63
	android:name
		ADDED from src\main\AndroidManifest.xml:30:19-60
application
ADDED from src\main\AndroidManifest.xml:54:2-125:16
	android:label
		ADDED from src\main\AndroidManifest.xml:56:3-35
	android:allowBackup
		ADDED from src\main\AndroidManifest.xml:58:3-29
	android:icon
		ADDED from src\main\AndroidManifest.xml:55:3-32
	android:theme
		ADDED from src\main\AndroidManifest.xml:57:3-50
receiver#com.vmd.webViewControl.ReceiverBootComplete
ADDED from src\main\AndroidManifest.xml:62:3-70:14
	android:enabled
		ADDED from src\main\AndroidManifest.xml:65:4-26
	android:permission
		ADDED from src\main\AndroidManifest.xml:64:4-66
	android:name
		ADDED from src\main\AndroidManifest.xml:63:4-40
intent-filter#android.intent.action.BOOT_COMPLETED+android.intent.category.DEFAULT
ADDED from src\main\AndroidManifest.xml:66:4-69:20
action#android.intent.action.BOOT_COMPLETED
ADDED from src\main\AndroidManifest.xml:67:5-67
	android:name
		ADDED from src\main\AndroidManifest.xml:67:13-64
category#android.intent.category.DEFAULT
ADDED from src\main\AndroidManifest.xml:68:5-64
	android:name
		ADDED from src\main\AndroidManifest.xml:68:15-61
receiver#com.vmd.webViewControl.Widget.Provider
ADDED from src\main\AndroidManifest.xml:72:3-83:14
	android:label
		ADDED from src\main\AndroidManifest.xml:74:4-38
	android:icon
		ADDED from src\main\AndroidManifest.xml:75:4-33
	android:name
		ADDED from src\main\AndroidManifest.xml:73:4-35
intent-filter#android.appwidget.action.APPWIDGET_UPDATE
ADDED from src\main\AndroidManifest.xml:76:4-78:20
action#android.appwidget.action.APPWIDGET_UPDATE
ADDED from src\main\AndroidManifest.xml:77:5-72
	android:name
		ADDED from src\main\AndroidManifest.xml:77:13-69
meta-data#android.appwidget.provider
ADDED from src\main\AndroidManifest.xml:80:4-82:43
	android:resource
		ADDED from src\main\AndroidManifest.xml:82:5-40
	android:name
		ADDED from src\main\AndroidManifest.xml:81:5-46
receiver#com.vmd.webViewControl.Widget.Receiver
ADDED from src\main\AndroidManifest.xml:85:3-90:14
	android:enabled
		ADDED from src\main\AndroidManifest.xml:85:45-68
	android:name
		ADDED from src\main\AndroidManifest.xml:85:13-44
intent-filter#android.intent.ACTION_TIME+android.intent.ACTION_TIMEZONE_CHANGED
ADDED from src\main\AndroidManifest.xml:86:4-89:20
action#android.intent.ACTION_TIMEZONE_CHANGED
ADDED from src\main\AndroidManifest.xml:87:5-69
	android:name
		ADDED from src\main\AndroidManifest.xml:87:13-66
action#android.intent.ACTION_TIME
ADDED from src\main\AndroidManifest.xml:88:5-57
	android:name
		ADDED from src\main\AndroidManifest.xml:88:13-54
activity#com.vmd.webViewControl.ActivityMain
ADDED from src\main\AndroidManifest.xml:92:3-101:14
	android:label
		ADDED from src\main\AndroidManifest.xml:94:4-36
	android:configChanges
		ADDED from src\main\AndroidManifest.xml:95:4-54
	android:name
		ADDED from src\main\AndroidManifest.xml:93:4-31
intent-filter#android.intent.action.MAIN+android.intent.category.LAUNCHER
ADDED from src\main\AndroidManifest.xml:97:4-100:20
action#android.intent.action.MAIN
ADDED from src\main\AndroidManifest.xml:98:5-57
	android:name
		ADDED from src\main\AndroidManifest.xml:98:13-54
category#android.intent.category.LAUNCHER
ADDED from src\main\AndroidManifest.xml:99:5-65
	android:name
		ADDED from src\main\AndroidManifest.xml:99:15-62
activity#com.vmd.webViewControl.ActivitySettings
ADDED from src\main\AndroidManifest.xml:103:3-105:14
	android:label
		ADDED from src\main\AndroidManifest.xml:104:4-42
	android:name
		ADDED from src\main\AndroidManifest.xml:103:13-44
activity#com.vmd.webViewControl.ActivityCamera
ADDED from src\main\AndroidManifest.xml:107:3-45
	android:name
		ADDED from src\main\AndroidManifest.xml:107:13-42
activity#com.vmd.webViewControl.Widget.Settings
ADDED from src\main\AndroidManifest.xml:109:3-113:14
	android:name
		ADDED from src\main\AndroidManifest.xml:109:13-44
intent-filter#android.appwidget.action.APPWIDGET_CONFIGURE
ADDED from src\main\AndroidManifest.xml:110:4-112:20
action#android.appwidget.action.APPWIDGET_CONFIGURE
ADDED from src\main\AndroidManifest.xml:111:5-74
	android:name
		ADDED from src\main\AndroidManifest.xml:111:13-72
activity#com.phonegap.DroidGap
ADDED from src\main\AndroidManifest.xml:115:3-52
	android:name
		ADDED from src\main\AndroidManifest.xml:115:13-49
activity#com.vmd.webViewControl.ShowPopUp
ADDED from src\main\AndroidManifest.xml:117:3-118:14
	android:name
		ADDED from src\main\AndroidManifest.xml:117:13-60
activity#com.vmd.webViewControl.mJpeg.MjpegSample
ADDED from src\main\AndroidManifest.xml:120:3-121:14
	android:name
		ADDED from src\main\AndroidManifest.xml:120:13-68
activity#com.vmd.webViewControl.VoiceRecognition
ADDED from src\main\AndroidManifest.xml:122:3-123:14
	android:name
		ADDED from src\main\AndroidManifest.xml:122:13-67